-------------------------------------------------------------------------------
Test set: Login Page feature
-------------------------------------------------------------------------------
Tests run: 3, Failures: 1, Errors: 0, Skipped: 0, Time elapsed: 176.741 s <<< FAILURE! - in Login Page feature
Login Page title(Login Page feature)  Time elapsed: 62.977 s  <<< FAILURE!
java.lang.AssertionError

